<?xml version="1.0" encoding="UTF-8"?>
<!-- Generated by org.testng.reporters.JUnitReportReporter -->
<testsuite hostname="LTIN169567" failures="0" tests="9" name="TestCases.TestClass" time="1003.255" errors="0" timestamp="2023-06-12T10:43:46 IST" skipped="0">
  <testcase classname="TestCases.TestClass" name="Retrieve" time="3.649"/>
  <system-out/>
  <testcase classname="TestCases.TestClass" name="Accountinput" time="41.477"/>
  <system-out/>
  <testcase classname="TestCases.TestClass" name="ContactInput" time="121.105"/>
  <system-out/>
  <testcase classname="TestCases.TestClass" name="OppInput" time="702.458"/>
  <system-out/>
  <testcase classname="TestCases.TestClass" name="ProductsInput" time="53.400"/>
  <system-out/>
  <testcase classname="TestCases.TestClass" name="ContactRoleInput" time="11.155"/>
  <system-out/>
  <testcase classname="TestCases.TestClass" name="TaskInput" time="27.352"/>
  <system-out/>
  <testcase classname="TestCases.TestClass" name="EventInput" time="26.704"/>
  <system-out/>
  <testcase classname="TestCases.TestClass" name="Attach" time="15.955"/>
  <system-out/>
</testsuite> <!-- TestCases.TestClass -->
