<?xml version="1.0" encoding="UTF-8"?>
<!-- Generated by org.testng.reporters.JUnitReportReporter -->
<testsuite hostname="LTIN169567" failures="0" tests="8" name="TestCases.TestClass" time="26.540" errors="0" timestamp="2023-06-05T12:23:41 IST" skipped="0">
  <testcase classname="TestCases.TestClass" name="Retrieve" time="2.772"/>
  <system-out/>
  <testcase classname="TestCases.TestClass" name="Accountinput" time="0.978"/>
  <system-out/>
  <testcase classname="TestCases.TestClass" name="ContactInput" time="2.050"/>
  <system-out/>
  <testcase classname="TestCases.TestClass" name="OppInput" time="2.048"/>
  <system-out/>
  <testcase classname="TestCases.TestClass" name="ProductsInput" time="2.048"/>
  <system-out/>
  <testcase classname="TestCases.TestClass" name="ContactRoleInput" time="2.051"/>
  <system-out/>
  <testcase classname="TestCases.TestClass" name="TaskInput" time="12.537"/>
  <system-out/>
  <testcase classname="TestCases.TestClass" name="EventInput" time="2.056"/>
  <system-out/>
</testsuite> <!-- TestCases.TestClass -->
